2022-04-13 09:21:56,830 INFO org.springframework.boot.StartupInfoLogger [main] Starting CoursApplication using Java 18 on NUC1104 with PID 24316 (D:\web_avance\code\Cours\target\classes started by HELENET in D:\web_avance\code\Cours)
2022-04-13 09:21:56,840 INFO org.springframework.boot.SpringApplication [main] No active profile set, falling back to default profiles: default
2022-04-13 09:21:56,848 INFO org.hibernate.validator.internal.util.Version [background-preinit] HV000001: Hibernate Validator 6.2.0.Final
2022-04-13 09:22:01,683 INFO org.springframework.data.repository.config.RepositoryConfigurationDelegate [main] Bootstrapping Spring Data JPA repositories in DEFAULT mode.
2022-04-13 09:22:01,951 INFO org.springframework.data.repository.config.RepositoryConfigurationDelegate [main] Finished Spring Data repository scanning in 237 ms. Found 2 JPA repository interfaces.
2022-04-13 09:22:03,950 INFO org.springframework.boot.web.embedded.tomcat.TomcatWebServer [main] Tomcat initialized with port(s): 8090 (http)
2022-04-13 09:22:03,981 INFO org.apache.juli.logging.DirectJDKLog [main] Initializing ProtocolHandler ["http-nio-8090"]
2022-04-13 09:22:03,983 INFO org.apache.juli.logging.DirectJDKLog [main] Starting service [Tomcat]
2022-04-13 09:22:03,985 INFO org.apache.juli.logging.DirectJDKLog [main] Starting Servlet engine: [Apache Tomcat/9.0.54]
2022-04-13 09:22:04,606 INFO org.apache.juli.logging.DirectJDKLog [main] Initializing Spring embedded WebApplicationContext
2022-04-13 09:22:04,607 INFO org.springframework.boot.web.servlet.context.ServletWebServerApplicationContext [main] Root WebApplicationContext: initialization completed in 7479 ms
2022-04-13 09:22:05,212 WARN org.springframework.boot.autoconfigure.orm.jpa.JpaBaseConfiguration$JpaWebConfiguration [main] spring.jpa.open-in-view is enabled by default. Therefore, database queries may be performed during view rendering. Explicitly configure spring.jpa.open-in-view to disable this warning
2022-04-13 09:22:05,576 INFO org.hibernate.jpa.internal.util.LogHelper [main] HHH000204: Processing PersistenceUnitInfo [name: default]
2022-04-13 09:22:05,736 INFO org.hibernate.Version [main] HHH000412: Hibernate ORM core version 5.4.32.Final
2022-04-13 09:22:06,319 INFO org.hibernate.annotations.common.reflection.java.JavaReflectionManager [main] HCANN000001: Hibernate Commons Annotations {5.1.2.Final}
2022-04-13 09:22:06,863 INFO com.zaxxer.hikari.HikariDataSource [main] HikariPool-1 - Starting...
2022-04-13 09:22:07,155 INFO com.zaxxer.hikari.HikariDataSource [main] HikariPool-1 - Start completed.
2022-04-13 09:22:07,222 INFO org.hibernate.dialect.Dialect [main] HHH000400: Using dialect: org.hibernate.dialect.MySQL5Dialect
2022-04-13 09:22:08,996 INFO org.hibernate.engine.transaction.jta.platform.internal.JtaPlatformInitiator [main] HHH000490: Using JtaPlatform implementation: [org.hibernate.engine.transaction.jta.platform.internal.NoJtaPlatform]
2022-04-13 09:22:09,014 INFO org.springframework.orm.jpa.AbstractEntityManagerFactoryBean [main] Initialized JPA EntityManagerFactory for persistence unit 'default'
2022-04-13 09:22:10,622 INFO org.springframework.security.web.DefaultSecurityFilterChain [main] Will secure any request with [org.springframework.security.web.context.request.async.WebAsyncManagerIntegrationFilter@16602333, org.springframework.security.web.context.SecurityContextPersistenceFilter@6c4e486e, org.springframework.security.web.header.HeaderWriterFilter@5d10df04, org.keycloak.adapters.springsecurity.filter.KeycloakPreAuthActionsFilter@a97a895, org.keycloak.adapters.springsecurity.filter.KeycloakAuthenticationProcessingFilter@4a9ff419, org.springframework.security.web.authentication.logout.LogoutFilter@53335328, org.springframework.security.web.savedrequest.RequestCacheAwareFilter@598f1faf, org.springframework.security.web.servletapi.SecurityContextHolderAwareRequestFilter@60688a97, org.keycloak.adapters.springsecurity.filter.KeycloakSecurityContextRequestFilter@359fa722, org.keycloak.adapters.springsecurity.filter.KeycloakAuthenticatedActionsFilter@27b7204, org.springframework.security.web.authentication.AnonymousAuthenticationFilter@67376bae, org.springframework.security.web.session.SessionManagementFilter@43b7bd5a, org.springframework.security.web.access.ExceptionTranslationFilter@1e0c898c, org.springframework.security.web.access.intercept.FilterSecurityInterceptor@17541204]
2022-04-13 09:22:11,188 INFO org.apache.juli.logging.DirectJDKLog [main] Starting ProtocolHandler ["http-nio-8090"]
2022-04-13 09:22:11,221 INFO org.springframework.boot.web.embedded.tomcat.TomcatWebServer [main] Tomcat started on port(s): 8090 (http) with context path ''
2022-04-13 09:22:11,686 INFO org.springframework.boot.StartupInfoLogger [main] Started CoursApplication in 16.585 seconds (JVM running for 19.8)
2022-04-13 09:24:55,955 INFO org.springframework.orm.jpa.AbstractEntityManagerFactoryBean [SpringApplicationShutdownHook] Closing JPA EntityManagerFactory for persistence unit 'default'
2022-04-13 09:24:55,956 INFO org.hibernate.tool.schema.internal.SchemaDropperImpl$DelayedDropActionImpl [SpringApplicationShutdownHook] HHH000477: Starting delayed evictData of schema as part of SessionFactory shut-down'
2022-04-13 09:24:55,992 INFO com.zaxxer.hikari.HikariDataSource [SpringApplicationShutdownHook] HikariPool-1 - Shutdown initiated...
2022-04-13 09:24:56,018 INFO com.zaxxer.hikari.HikariDataSource [SpringApplicationShutdownHook] HikariPool-1 - Shutdown completed.
2022-04-13 09:26:20,445 ERROR org.springframework.boot.SpringApplication [main] Application run failed
java.lang.IllegalStateException: java.lang.IllegalStateException: Logback configuration error detected: 
ERROR in ch.qos.logback.core.joran.action.AppenderAction - Could not create an Appender of type [net.logstash.logback.appender.LogstashTcpSocketAppender]. ch.qos.logback.core.util.DynamicClassLoadingException: Failed to instantiate type net.logstash.logback.appender.LogstashTcpSocketAppender
ERROR in ch.qos.logback.core.joran.spi.Interpreter@34:95 - ActionException in Action for tag [appender] ch.qos.logback.core.joran.spi.ActionException: ch.qos.logback.core.util.DynamicClassLoadingException: Failed to instantiate type net.logstash.logback.appender.LogstashTcpSocketAppender
ERROR in ch.qos.logback.core.joran.action.AppenderRefAction - Could not find an appender named [logstash]. Did you define it below instead of above in the configuration file?
ERROR in ch.qos.logback.core.joran.action.AppenderRefAction - See http://logback.qos.ch/codes.html#appender_order for more details.
	at org.springframework.boot.context.logging.LoggingApplicationListener.initializeSystem(LoggingApplicationListener.java:328)
	at org.springframework.boot.context.logging.LoggingApplicationListener.initialize(LoggingApplicationListener.java:282)
	at org.springframework.boot.context.logging.LoggingApplicationListener.onApplicationEnvironmentPreparedEvent(LoggingApplicationListener.java:240)
	at org.springframework.boot.context.logging.LoggingApplicationListener.onApplicationEvent(LoggingApplicationListener.java:216)
	at org.springframework.context.event.SimpleApplicationEventMulticaster.doInvokeListener(SimpleApplicationEventMulticaster.java:176)
	at org.springframework.context.event.SimpleApplicationEventMulticaster.invokeListener(SimpleApplicationEventMulticaster.java:169)
	at org.springframework.context.event.SimpleApplicationEventMulticaster.multicastEvent(SimpleApplicationEventMulticaster.java:143)
	at org.springframework.context.event.SimpleApplicationEventMulticaster.multicastEvent(SimpleApplicationEventMulticaster.java:131)
	at org.springframework.boot.context.event.EventPublishingRunListener.environmentPrepared(EventPublishingRunListener.java:82)
	at org.springframework.boot.SpringApplicationRunListeners.lambda$environmentPrepared$2(SpringApplicationRunListeners.java:63)
	at java.base/java.util.ArrayList.forEach(ArrayList.java:1511)
	at org.springframework.boot.SpringApplicationRunListeners.doWithListeners(SpringApplicationRunListeners.java:117)
	at org.springframework.boot.SpringApplicationRunListeners.doWithListeners(SpringApplicationRunListeners.java:111)
	at org.springframework.boot.SpringApplicationRunListeners.environmentPrepared(SpringApplicationRunListeners.java:62)
	at org.springframework.boot.SpringApplication.prepareEnvironment(SpringApplication.java:374)
	at org.springframework.boot.SpringApplication.run(SpringApplication.java:332)
	at org.springframework.boot.SpringApplication.run(SpringApplication.java:1343)
	at org.springframework.boot.SpringApplication.run(SpringApplication.java:1332)
	at com.example.demo.CoursApplication.main(CoursApplication.java:17)
Caused by: java.lang.IllegalStateException: Logback configuration error detected: 
ERROR in ch.qos.logback.core.joran.action.AppenderAction - Could not create an Appender of type [net.logstash.logback.appender.LogstashTcpSocketAppender]. ch.qos.logback.core.util.DynamicClassLoadingException: Failed to instantiate type net.logstash.logback.appender.LogstashTcpSocketAppender
ERROR in ch.qos.logback.core.joran.spi.Interpreter@34:95 - ActionException in Action for tag [appender] ch.qos.logback.core.joran.spi.ActionException: ch.qos.logback.core.util.DynamicClassLoadingException: Failed to instantiate type net.logstash.logback.appender.LogstashTcpSocketAppender
ERROR in ch.qos.logback.core.joran.action.AppenderRefAction - Could not find an appender named [logstash]. Did you define it below instead of above in the configuration file?
ERROR in ch.qos.logback.core.joran.action.AppenderRefAction - See http://logback.qos.ch/codes.html#appender_order for more details.
	at org.springframework.boot.logging.logback.LogbackLoggingSystem.loadConfiguration(LogbackLoggingSystem.java:179)
	at org.springframework.boot.logging.AbstractLoggingSystem.initializeWithConventions(AbstractLoggingSystem.java:80)
	at org.springframework.boot.logging.AbstractLoggingSystem.initialize(AbstractLoggingSystem.java:60)
	at org.springframework.boot.logging.logback.LogbackLoggingSystem.initialize(LogbackLoggingSystem.java:132)
	at org.springframework.boot.context.logging.LoggingApplicationListener.initializeSystem(LoggingApplicationListener.java:313)
	... 18 common frames omitted
2022-04-13 09:26:56,177 ERROR org.springframework.boot.SpringApplication [main] Application run failed
java.lang.IllegalStateException: java.lang.IllegalStateException: Logback configuration error detected: 
ERROR in ch.qos.logback.core.joran.action.AppenderAction - Could not create an Appender of type [net.logstash.logback.appender.LogstashTcpSocketAppender]. ch.qos.logback.core.util.DynamicClassLoadingException: Failed to instantiate type net.logstash.logback.appender.LogstashTcpSocketAppender
ERROR in ch.qos.logback.core.joran.spi.Interpreter@34:95 - ActionException in Action for tag [appender] ch.qos.logback.core.joran.spi.ActionException: ch.qos.logback.core.util.DynamicClassLoadingException: Failed to instantiate type net.logstash.logback.appender.LogstashTcpSocketAppender
ERROR in ch.qos.logback.core.joran.action.AppenderRefAction - Could not find an appender named [logstash]. Did you define it below instead of above in the configuration file?
ERROR in ch.qos.logback.core.joran.action.AppenderRefAction - See http://logback.qos.ch/codes.html#appender_order for more details.
	at org.springframework.boot.context.logging.LoggingApplicationListener.initializeSystem(LoggingApplicationListener.java:328)
	at org.springframework.boot.context.logging.LoggingApplicationListener.initialize(LoggingApplicationListener.java:282)
	at org.springframework.boot.context.logging.LoggingApplicationListener.onApplicationEnvironmentPreparedEvent(LoggingApplicationListener.java:240)
	at org.springframework.boot.context.logging.LoggingApplicationListener.onApplicationEvent(LoggingApplicationListener.java:216)
	at org.springframework.context.event.SimpleApplicationEventMulticaster.doInvokeListener(SimpleApplicationEventMulticaster.java:176)
	at org.springframework.context.event.SimpleApplicationEventMulticaster.invokeListener(SimpleApplicationEventMulticaster.java:169)
	at org.springframework.context.event.SimpleApplicationEventMulticaster.multicastEvent(SimpleApplicationEventMulticaster.java:143)
	at org.springframework.context.event.SimpleApplicationEventMulticaster.multicastEvent(SimpleApplicationEventMulticaster.java:131)
	at org.springframework.boot.context.event.EventPublishingRunListener.environmentPrepared(EventPublishingRunListener.java:82)
	at org.springframework.boot.SpringApplicationRunListeners.lambda$environmentPrepared$2(SpringApplicationRunListeners.java:63)
	at java.base/java.util.ArrayList.forEach(ArrayList.java:1511)
	at org.springframework.boot.SpringApplicationRunListeners.doWithListeners(SpringApplicationRunListeners.java:117)
	at org.springframework.boot.SpringApplicationRunListeners.doWithListeners(SpringApplicationRunListeners.java:111)
	at org.springframework.boot.SpringApplicationRunListeners.environmentPrepared(SpringApplicationRunListeners.java:62)
	at org.springframework.boot.SpringApplication.prepareEnvironment(SpringApplication.java:374)
	at org.springframework.boot.SpringApplication.run(SpringApplication.java:332)
	at org.springframework.boot.SpringApplication.run(SpringApplication.java:1343)
	at org.springframework.boot.SpringApplication.run(SpringApplication.java:1332)
	at com.example.demo.CoursApplication.main(CoursApplication.java:17)
Caused by: java.lang.IllegalStateException: Logback configuration error detected: 
ERROR in ch.qos.logback.core.joran.action.AppenderAction - Could not create an Appender of type [net.logstash.logback.appender.LogstashTcpSocketAppender]. ch.qos.logback.core.util.DynamicClassLoadingException: Failed to instantiate type net.logstash.logback.appender.LogstashTcpSocketAppender
ERROR in ch.qos.logback.core.joran.spi.Interpreter@34:95 - ActionException in Action for tag [appender] ch.qos.logback.core.joran.spi.ActionException: ch.qos.logback.core.util.DynamicClassLoadingException: Failed to instantiate type net.logstash.logback.appender.LogstashTcpSocketAppender
ERROR in ch.qos.logback.core.joran.action.AppenderRefAction - Could not find an appender named [logstash]. Did you define it below instead of above in the configuration file?
ERROR in ch.qos.logback.core.joran.action.AppenderRefAction - See http://logback.qos.ch/codes.html#appender_order for more details.
	at org.springframework.boot.logging.logback.LogbackLoggingSystem.loadConfiguration(LogbackLoggingSystem.java:179)
	at org.springframework.boot.logging.AbstractLoggingSystem.initializeWithConventions(AbstractLoggingSystem.java:80)
	at org.springframework.boot.logging.AbstractLoggingSystem.initialize(AbstractLoggingSystem.java:60)
	at org.springframework.boot.logging.logback.LogbackLoggingSystem.initialize(LogbackLoggingSystem.java:132)
	at org.springframework.boot.context.logging.LoggingApplicationListener.initializeSystem(LoggingApplicationListener.java:313)
	... 18 common frames omitted
2022-04-13 09:28:09,747 ERROR org.springframework.boot.SpringApplication [main] Application run failed
java.lang.IllegalStateException: java.lang.IllegalStateException: Logback configuration error detected: 
ERROR in ch.qos.logback.core.joran.action.AppenderAction - Could not create an Appender of type [net.logstash.logback.appender.LogstashTcpSocketAppender]. ch.qos.logback.core.util.DynamicClassLoadingException: Failed to instantiate type net.logstash.logback.appender.LogstashTcpSocketAppender
ERROR in ch.qos.logback.core.joran.spi.Interpreter@34:95 - ActionException in Action for tag [appender] ch.qos.logback.core.joran.spi.ActionException: ch.qos.logback.core.util.DynamicClassLoadingException: Failed to instantiate type net.logstash.logback.appender.LogstashTcpSocketAppender
ERROR in ch.qos.logback.core.joran.action.AppenderRefAction - Could not find an appender named [logstash]. Did you define it below instead of above in the configuration file?
ERROR in ch.qos.logback.core.joran.action.AppenderRefAction - See http://logback.qos.ch/codes.html#appender_order for more details.
	at org.springframework.boot.context.logging.LoggingApplicationListener.initializeSystem(LoggingApplicationListener.java:328)
	at org.springframework.boot.context.logging.LoggingApplicationListener.initialize(LoggingApplicationListener.java:282)
	at org.springframework.boot.context.logging.LoggingApplicationListener.onApplicationEnvironmentPreparedEvent(LoggingApplicationListener.java:240)
	at org.springframework.boot.context.logging.LoggingApplicationListener.onApplicationEvent(LoggingApplicationListener.java:216)
	at org.springframework.context.event.SimpleApplicationEventMulticaster.doInvokeListener(SimpleApplicationEventMulticaster.java:176)
	at org.springframework.context.event.SimpleApplicationEventMulticaster.invokeListener(SimpleApplicationEventMulticaster.java:169)
	at org.springframework.context.event.SimpleApplicationEventMulticaster.multicastEvent(SimpleApplicationEventMulticaster.java:143)
	at org.springframework.context.event.SimpleApplicationEventMulticaster.multicastEvent(SimpleApplicationEventMulticaster.java:131)
	at org.springframework.boot.context.event.EventPublishingRunListener.environmentPrepared(EventPublishingRunListener.java:82)
	at org.springframework.boot.SpringApplicationRunListeners.lambda$environmentPrepared$2(SpringApplicationRunListeners.java:63)
	at java.base/java.util.ArrayList.forEach(ArrayList.java:1511)
	at org.springframework.boot.SpringApplicationRunListeners.doWithListeners(SpringApplicationRunListeners.java:117)
	at org.springframework.boot.SpringApplicationRunListeners.doWithListeners(SpringApplicationRunListeners.java:111)
	at org.springframework.boot.SpringApplicationRunListeners.environmentPrepared(SpringApplicationRunListeners.java:62)
	at org.springframework.boot.SpringApplication.prepareEnvironment(SpringApplication.java:374)
	at org.springframework.boot.SpringApplication.run(SpringApplication.java:332)
	at org.springframework.boot.SpringApplication.run(SpringApplication.java:1343)
	at org.springframework.boot.SpringApplication.run(SpringApplication.java:1332)
	at com.example.demo.CoursApplication.main(CoursApplication.java:17)
Caused by: java.lang.IllegalStateException: Logback configuration error detected: 
ERROR in ch.qos.logback.core.joran.action.AppenderAction - Could not create an Appender of type [net.logstash.logback.appender.LogstashTcpSocketAppender]. ch.qos.logback.core.util.DynamicClassLoadingException: Failed to instantiate type net.logstash.logback.appender.LogstashTcpSocketAppender
ERROR in ch.qos.logback.core.joran.spi.Interpreter@34:95 - ActionException in Action for tag [appender] ch.qos.logback.core.joran.spi.ActionException: ch.qos.logback.core.util.DynamicClassLoadingException: Failed to instantiate type net.logstash.logback.appender.LogstashTcpSocketAppender
ERROR in ch.qos.logback.core.joran.action.AppenderRefAction - Could not find an appender named [logstash]. Did you define it below instead of above in the configuration file?
ERROR in ch.qos.logback.core.joran.action.AppenderRefAction - See http://logback.qos.ch/codes.html#appender_order for more details.
	at org.springframework.boot.logging.logback.LogbackLoggingSystem.loadConfiguration(LogbackLoggingSystem.java:179)
	at org.springframework.boot.logging.AbstractLoggingSystem.initializeWithConventions(AbstractLoggingSystem.java:80)
	at org.springframework.boot.logging.AbstractLoggingSystem.initialize(AbstractLoggingSystem.java:60)
	at org.springframework.boot.logging.logback.LogbackLoggingSystem.initialize(LogbackLoggingSystem.java:132)
	at org.springframework.boot.context.logging.LoggingApplicationListener.initializeSystem(LoggingApplicationListener.java:313)
	... 18 common frames omitted
2022-04-13 09:33:28,205 INFO org.hibernate.validator.internal.util.Version [background-preinit] HV000001: Hibernate Validator 6.2.0.Final
2022-04-13 09:33:28,222 INFO org.springframework.boot.StartupInfoLogger [main] Starting CoursApplication using Java 18 on NUC1104 with PID 26096 (D:\web_avance\code\Cours\target\classes started by HELENET in D:\web_avance\code\Cours)
2022-04-13 09:33:28,261 INFO org.springframework.boot.SpringApplication [main] No active profile set, falling back to default profiles: default
2022-04-13 09:33:31,321 INFO org.springframework.data.repository.config.RepositoryConfigurationDelegate [main] Bootstrapping Spring Data JPA repositories in DEFAULT mode.
2022-04-13 09:33:31,495 INFO org.springframework.data.repository.config.RepositoryConfigurationDelegate [main] Finished Spring Data repository scanning in 155 ms. Found 2 JPA repository interfaces.
2022-04-13 09:33:32,934 INFO org.springframework.boot.web.embedded.tomcat.TomcatWebServer [main] Tomcat initialized with port(s): 8090 (http)
2022-04-13 09:33:32,953 INFO org.apache.juli.logging.DirectJDKLog [main] Initializing ProtocolHandler ["http-nio-8090"]
2022-04-13 09:33:32,955 INFO org.apache.juli.logging.DirectJDKLog [main] Starting service [Tomcat]
2022-04-13 09:33:32,956 INFO org.apache.juli.logging.DirectJDKLog [main] Starting Servlet engine: [Apache Tomcat/9.0.54]
2022-04-13 09:33:33,277 INFO org.apache.juli.logging.DirectJDKLog [main] Initializing Spring embedded WebApplicationContext
2022-04-13 09:33:33,278 INFO org.springframework.boot.web.servlet.context.ServletWebServerApplicationContext [main] Root WebApplicationContext: initialization completed in 4797 ms
2022-04-13 09:33:33,500 WARN org.springframework.boot.autoconfigure.orm.jpa.JpaBaseConfiguration$JpaWebConfiguration [main] spring.jpa.open-in-view is enabled by default. Therefore, database queries may be performed during view rendering. Explicitly configure spring.jpa.open-in-view to disable this warning
2022-04-13 09:33:33,661 INFO org.hibernate.jpa.internal.util.LogHelper [main] HHH000204: Processing PersistenceUnitInfo [name: default]
2022-04-13 09:33:33,761 INFO org.hibernate.Version [main] HHH000412: Hibernate ORM core version 5.4.32.Final
2022-04-13 09:33:34,010 INFO org.hibernate.annotations.common.reflection.java.JavaReflectionManager [main] HCANN000001: Hibernate Commons Annotations {5.1.2.Final}
2022-04-13 09:33:34,164 INFO com.zaxxer.hikari.HikariDataSource [main] HikariPool-1 - Starting...
2022-04-13 09:33:34,292 INFO com.zaxxer.hikari.HikariDataSource [main] HikariPool-1 - Start completed.
2022-04-13 09:33:34,320 INFO org.hibernate.dialect.Dialect [main] HHH000400: Using dialect: org.hibernate.dialect.MySQL5Dialect
2022-04-13 09:33:35,271 INFO org.hibernate.engine.transaction.jta.platform.internal.JtaPlatformInitiator [main] HHH000490: Using JtaPlatform implementation: [org.hibernate.engine.transaction.jta.platform.internal.NoJtaPlatform]
2022-04-13 09:33:35,287 INFO org.springframework.orm.jpa.AbstractEntityManagerFactoryBean [main] Initialized JPA EntityManagerFactory for persistence unit 'default'
2022-04-13 09:33:36,607 INFO org.springframework.security.web.DefaultSecurityFilterChain [main] Will secure any request with [org.springframework.security.web.context.request.async.WebAsyncManagerIntegrationFilter@11267e87, org.springframework.security.web.context.SecurityContextPersistenceFilter@112b3298, org.springframework.security.web.header.HeaderWriterFilter@7b44e98e, org.keycloak.adapters.springsecurity.filter.KeycloakPreAuthActionsFilter@5b71af0d, org.keycloak.adapters.springsecurity.filter.KeycloakAuthenticationProcessingFilter@4f55a864, org.springframework.security.web.authentication.logout.LogoutFilter@17554316, org.springframework.security.web.savedrequest.RequestCacheAwareFilter@90c01ab, org.springframework.security.web.servletapi.SecurityContextHolderAwareRequestFilter@3d2ff73a, org.keycloak.adapters.springsecurity.filter.KeycloakSecurityContextRequestFilter@2911db81, org.keycloak.adapters.springsecurity.filter.KeycloakAuthenticatedActionsFilter@7fce1069, org.springframework.security.web.authentication.AnonymousAuthenticationFilter@118c1faa, org.springframework.security.web.session.SessionManagementFilter@543196f9, org.springframework.security.web.access.ExceptionTranslationFilter@2dc77962, org.springframework.security.web.access.intercept.FilterSecurityInterceptor@7077ae9c]
2022-04-13 09:33:37,328 INFO org.apache.juli.logging.DirectJDKLog [main] Starting ProtocolHandler ["http-nio-8090"]
2022-04-13 09:33:37,371 INFO org.springframework.boot.web.embedded.tomcat.TomcatWebServer [main] Tomcat started on port(s): 8090 (http) with context path ''
2022-04-13 09:33:37,999 INFO org.springframework.boot.StartupInfoLogger [main] Started CoursApplication in 12.615 seconds (JVM running for 21.66)
2022-04-13 09:33:51,069 INFO org.keycloak.adapters.KeycloakDeployment [http-nio-8090-exec-1] Loaded URLs from http://localhost:9990/auth/realms/RaspouCorp/.well-known/openid-configuration
2022-04-13 09:33:51,413 INFO org.apache.juli.logging.DirectJDKLog [http-nio-8090-exec-1] Initializing Spring DispatcherServlet 'dispatcherServlet'
2022-04-13 09:33:51,414 INFO org.springframework.web.servlet.FrameworkServlet [http-nio-8090-exec-1] Initializing Servlet 'dispatcherServlet'
2022-04-13 09:33:51,421 INFO org.springframework.web.servlet.FrameworkServlet [http-nio-8090-exec-1] Completed initialization in 6 ms
2022-04-13 09:33:51,752 WARN org.apache.juli.logging.DirectJDKLog [http-nio-8090-exec-1] Creation of SecureRandom instance for session ID generation using [SHA1PRNG] took [245] milliseconds.
2022-04-13 09:33:51,973 INFO com.example.demo.controllers.AuthorController [http-nio-8090-exec-1] Un utilisateur a créer un nouvel auteur
2022-04-13 09:33:52,310 INFO com.example.demo.controllers.AuthorController [http-nio-8090-exec-3] Un utilisateur a récupéré l'ensemble des auteurs
2022-04-13 10:44:39,498 INFO com.example.demo.controllers.AuthorController [http-nio-8090-exec-6] Un utilisateur a récupéré l'ensemble des auteurs
2022-04-13 10:44:46,200 INFO com.example.demo.controllers.AuthorController [http-nio-8090-exec-8] Un utilisateur a récupéré l'ensemble des auteurs
2022-04-13 10:45:48,828 INFO com.example.demo.controllers.AuthorController [http-nio-8090-exec-1] Un utilisateur a récupéré l'ensemble des auteurs
2022-04-13 10:45:58,284 INFO com.example.demo.controllers.AuthorController [http-nio-8090-exec-3] Un utilisateur a récupéré l'ensemble des auteurs
2022-04-13 10:51:43,181 INFO com.example.demo.controllers.AuthorController [http-nio-8090-exec-6] Un utilisateur a récupéré l'ensemble des auteurs
2022-04-13 10:56:00,199 INFO com.example.demo.controllers.AuthorController [http-nio-8090-exec-9] Un utilisateur a récupéré l'ensemble des auteurs
2022-04-13 10:56:11,890 INFO com.example.demo.controllers.AuthorController [http-nio-8090-exec-1] Un utilisateur a récupéré l'ensemble des auteurs
2022-04-13 11:05:53,455 INFO com.example.demo.controllers.AuthorController [http-nio-8090-exec-4] Un utilisateur a récupéré l'ensemble des auteurs
2022-04-13 11:27:54,665 INFO com.example.demo.controllers.AuthorController [http-nio-8090-exec-7] Un utilisateur a récupéré l'ensemble des auteurs
2022-04-13 11:28:52,819 INFO com.example.demo.controllers.AuthorController [http-nio-8090-exec-10] Un utilisateur a récupéré l'ensemble des auteurs
2022-04-13 11:29:35,433 INFO com.example.demo.controllers.AuthorController [http-nio-8090-exec-3] Un utilisateur a récupéré l'ensemble des auteurs
2022-04-13 11:30:22,737 INFO com.example.demo.controllers.AuthorController [http-nio-8090-exec-6] Un utilisateur a récupéré l'ensemble des auteurs
2022-04-13 11:32:34,331 INFO com.example.demo.controllers.AuthorController [http-nio-8090-exec-9] Un utilisateur a récupéré l'ensemble des auteurs
2022-04-13 11:32:56,968 INFO com.example.demo.controllers.AuthorController [http-nio-8090-exec-2] Un utilisateur a récupéré l'ensemble des auteurs
2022-04-13 11:34:11,867 INFO com.example.demo.controllers.AuthorController [http-nio-8090-exec-5] Un utilisateur a récupéré l'ensemble des auteurs
2022-04-13 11:35:09,739 INFO com.example.demo.controllers.AuthorController [http-nio-8090-exec-8] Un utilisateur a récupéré l'ensemble des auteurs
2022-04-13 11:39:54,799 INFO com.example.demo.controllers.AuthorController [http-nio-8090-exec-1] Un utilisateur a récupéré l'ensemble des auteurs
2022-04-13 11:40:06,527 INFO com.example.demo.controllers.AuthorController [http-nio-8090-exec-3] Un utilisateur a récupéré l'ensemble des auteurs
2022-04-13 11:42:20,588 INFO com.example.demo.controllers.AuthorController [http-nio-8090-exec-6] Un utilisateur a récupéré l'ensemble des auteurs
2022-04-13 11:43:44,453 INFO com.example.demo.controllers.AuthorController [http-nio-8090-exec-9] Un utilisateur a récupéré l'ensemble des auteurs
2022-04-13 11:44:33,162 INFO com.example.demo.controllers.AuthorController [http-nio-8090-exec-1] Un utilisateur a récupéré l'ensemble des auteurs
2022-04-13 11:45:03,779 INFO com.example.demo.controllers.AuthorController [http-nio-8090-exec-3] Un utilisateur a récupéré l'ensemble des auteurs
2022-04-13 11:45:49,196 INFO com.example.demo.controllers.AuthorController [http-nio-8090-exec-5] Un utilisateur a récupéré l'ensemble des auteurs
2022-04-13 11:46:55,691 INFO com.example.demo.controllers.AuthorController [http-nio-8090-exec-8] Un utilisateur a récupéré l'ensemble des auteurs
2022-04-13 11:47:35,672 INFO com.example.demo.controllers.AuthorController [http-nio-8090-exec-10] Un utilisateur a récupéré l'ensemble des auteurs
2022-04-13 11:48:47,986 INFO com.example.demo.controllers.AuthorController [http-nio-8090-exec-3] Un utilisateur a récupéré l'ensemble des auteurs
2022-04-13 11:50:19,295 INFO com.example.demo.controllers.AuthorController [http-nio-8090-exec-6] Un utilisateur a récupéré l'ensemble des auteurs
2022-04-13 11:51:06,884 INFO com.example.demo.controllers.AuthorController [http-nio-8090-exec-8] Un utilisateur a récupéré l'ensemble des auteurs
2022-04-13 11:51:20,135 INFO com.example.demo.controllers.AuthorController [http-nio-8090-exec-10] Un utilisateur a récupéré l'ensemble des auteurs
2022-04-13 11:52:59,137 INFO com.example.demo.controllers.AuthorController [http-nio-8090-exec-3] Un utilisateur a récupéré l'ensemble des auteurs
2022-04-13 11:55:52,569 INFO com.example.demo.controllers.AuthorController [http-nio-8090-exec-6] Un utilisateur a récupéré l'ensemble des auteurs
2022-04-13 12:01:39,007 INFO com.example.demo.controllers.AuthorController [http-nio-8090-exec-9] Un utilisateur a récupéré l'ensemble des auteurs
2022-04-13 13:02:00,371 INFO com.example.demo.controllers.AuthorController [http-nio-8090-exec-2] Un utilisateur a récupéré l'ensemble des auteurs
2022-04-13 13:34:00,310 INFO com.example.demo.controllers.AuthorController [http-nio-8090-exec-5] Un utilisateur a récupéré l'ensemble des auteurs
2022-04-13 13:37:01,315 INFO com.example.demo.controllers.AuthorController [http-nio-8090-exec-8] Un utilisateur a récupéré l'ensemble des auteurs
2022-04-13 13:38:46,875 INFO com.example.demo.controllers.AuthorController [http-nio-8090-exec-1] Un utilisateur a récupéré l'ensemble des auteurs
2022-04-13 13:40:01,929 INFO com.example.demo.controllers.AuthorController [http-nio-8090-exec-4] Un utilisateur a récupéré l'ensemble des auteurs
2022-04-13 13:49:40,159 INFO com.example.demo.controllers.AuthorController [http-nio-8090-exec-7] Un utilisateur a récupéré l'ensemble des auteurs
2022-04-13 13:51:19,207 INFO com.example.demo.controllers.AuthorController [http-nio-8090-exec-10] Un utilisateur a récupéré l'ensemble des auteurs
2022-04-13 13:51:51,274 INFO com.example.demo.controllers.AuthorController [http-nio-8090-exec-2] Un utilisateur a récupéré l'ensemble des auteurs
2022-04-13 13:55:26,029 INFO com.example.demo.controllers.AuthorController [http-nio-8090-exec-5] Un utilisateur a récupéré l'ensemble des auteurs
2022-04-13 13:55:32,330 INFO com.example.demo.controllers.AuthorController [http-nio-8090-exec-7] Un utilisateur a récupéré l'ensemble des auteurs
2022-04-13 13:55:32,461 INFO com.example.demo.controllers.BookController [http-nio-8090-exec-9] Un utilisateur a récupéré l'ensemble des livres
2022-04-13 13:55:33,665 INFO com.example.demo.controllers.AuthorController [http-nio-8090-exec-1] Un utilisateur a récupéré l'ensemble des auteurs
2022-04-13 13:56:56,122 INFO com.example.demo.controllers.AuthorController [http-nio-8090-exec-4] Un utilisateur a récupéré l'ensemble des auteurs
2022-04-13 14:01:29,168 INFO com.example.demo.controllers.AuthorController [http-nio-8090-exec-7] Un utilisateur a récupéré l'ensemble des auteurs
2022-04-13 14:03:33,025 INFO com.example.demo.controllers.AuthorController [http-nio-8090-exec-10] Un utilisateur a récupéré l'ensemble des auteurs
2022-04-13 14:04:51,109 INFO com.example.demo.controllers.AuthorController [http-nio-8090-exec-3] Un utilisateur a récupéré l'ensemble des auteurs
2022-04-13 14:07:06,566 INFO com.example.demo.controllers.AuthorController [http-nio-8090-exec-6] Un utilisateur a récupéré l'ensemble des auteurs
2022-04-13 14:07:25,504 INFO com.example.demo.controllers.AuthorController [http-nio-8090-exec-9] Un utilisateur a récupéré l'ensemble des auteurs
2022-04-13 14:07:56,172 INFO com.example.demo.controllers.AuthorController [http-nio-8090-exec-2] Un utilisateur a créer un nouvel auteur
2022-04-13 14:07:56,243 INFO com.example.demo.controllers.AuthorController [http-nio-8090-exec-4] Un utilisateur a récupéré l'ensemble des auteurs
2022-04-13 14:09:16,761 INFO com.example.demo.controllers.AuthorController [http-nio-8090-exec-7] Un utilisateur a récupéré l'ensemble des auteurs
2022-04-13 14:09:57,954 INFO com.example.demo.controllers.AuthorController [http-nio-8090-exec-9] Un utilisateur a récupéré l'ensemble des auteurs
2022-04-13 14:11:41,997 INFO com.example.demo.controllers.AuthorController [http-nio-8090-exec-2] Un utilisateur a récupéré l'ensemble des auteurs
2022-04-13 14:18:48,188 INFO com.example.demo.controllers.AuthorController [http-nio-8090-exec-5] Un utilisateur a récupéré l'ensemble des auteurs
2022-04-13 14:19:40,086 INFO com.example.demo.controllers.AuthorController [http-nio-8090-exec-7] Un utilisateur a récupéré l'ensemble des auteurs
2022-04-13 14:20:56,733 INFO com.example.demo.controllers.AuthorController [http-nio-8090-exec-10] Un utilisateur a récupéré l'ensemble des auteurs
2022-04-13 14:21:51,609 INFO com.example.demo.controllers.AuthorController [http-nio-8090-exec-2] Un utilisateur a récupéré l'ensemble des auteurs
2022-04-13 14:21:51,682 INFO com.example.demo.controllers.BookController [http-nio-8090-exec-4] Un utilisateur a récupéré l'ensemble des livres
2022-04-13 14:21:53,377 INFO com.example.demo.controllers.AuthorController [http-nio-8090-exec-6] Un utilisateur a récupéré l'ensemble des auteurs
2022-04-13 14:22:14,740 INFO com.example.demo.controllers.AuthorController [http-nio-8090-exec-8] Un utilisateur a récupéré l'ensemble des auteurs
2022-04-13 14:23:27,280 INFO com.example.demo.controllers.AuthorController [http-nio-8090-exec-1] Un utilisateur a récupéré l'ensemble des auteurs
2022-04-13 14:23:32,058 INFO com.example.demo.controllers.AuthorController [http-nio-8090-exec-3] Un utilisateur a récupéré l'ensemble des auteurs
2022-04-13 14:30:38,646 INFO com.example.demo.controllers.AuthorController [http-nio-8090-exec-6] Un utilisateur a récupéré l'ensemble des auteurs
2022-04-13 14:32:27,240 INFO com.example.demo.controllers.AuthorController [http-nio-8090-exec-9] Un utilisateur a récupéré l'ensemble des auteurs
2022-04-13 14:36:34,930 INFO com.example.demo.controllers.AuthorController [http-nio-8090-exec-2] Un utilisateur a récupéré l'ensemble des auteurs
2022-04-13 14:37:44,692 INFO com.example.demo.controllers.AuthorController [http-nio-8090-exec-5] Un utilisateur a récupéré l'ensemble des auteurs
2022-04-13 14:38:09,958 INFO com.example.demo.controllers.AuthorController [http-nio-8090-exec-7] Un utilisateur a récupéré l'ensemble des auteurs
2022-04-13 14:41:18,624 INFO com.example.demo.controllers.AuthorController [http-nio-8090-exec-10] Un utilisateur a récupéré l'ensemble des auteurs
2022-04-13 14:41:59,732 INFO com.example.demo.controllers.AuthorController [http-nio-8090-exec-2] Un utilisateur a récupéré l'ensemble des auteurs
2022-04-13 14:46:32,056 INFO com.example.demo.controllers.AuthorController [http-nio-8090-exec-5] Un utilisateur a récupéré l'ensemble des auteurs
2022-04-13 14:57:58,815 INFO com.example.demo.controllers.AuthorController [http-nio-8090-exec-8] Un utilisateur a récupéré l'ensemble des auteurs
2022-04-13 15:06:53,378 INFO com.example.demo.controllers.AuthorController [http-nio-8090-exec-1] Un utilisateur a récupéré l'ensemble des auteurs
2022-04-13 15:08:43,721 INFO com.example.demo.controllers.AuthorController [http-nio-8090-exec-4] Un utilisateur a récupéré l'ensemble des auteurs
2022-04-13 15:27:55,103 INFO com.example.demo.controllers.AuthorController [http-nio-8090-exec-7] Un utilisateur a récupéré l'ensemble des auteurs
2022-04-13 15:28:19,790 INFO com.example.demo.controllers.AuthorController [http-nio-8090-exec-9] Un utilisateur a récupéré l'ensemble des auteurs
2022-04-13 15:29:17,379 INFO com.example.demo.controllers.AuthorController [http-nio-8090-exec-1] Un utilisateur a récupéré l'ensemble des auteurs
2022-04-13 15:29:20,851 INFO com.example.demo.controllers.AuthorController [http-nio-8090-exec-3] Un utilisateur a créer un nouvel auteur
2022-04-13 15:29:20,905 INFO com.example.demo.controllers.AuthorController [http-nio-8090-exec-5] Un utilisateur a récupéré l'ensemble des auteurs
2022-04-13 15:31:17,994 INFO com.example.demo.controllers.AuthorController [http-nio-8090-exec-8] Un utilisateur a récupéré l'ensemble des auteurs
2022-04-13 15:31:30,020 INFO com.example.demo.controllers.AuthorController [http-nio-8090-exec-10] Un utilisateur a créer un nouvel auteur
2022-04-13 15:31:30,092 INFO com.example.demo.controllers.AuthorController [http-nio-8090-exec-2] Un utilisateur a récupéré l'ensemble des auteurs
2022-04-13 15:35:00,607 INFO com.example.demo.controllers.AuthorController [http-nio-8090-exec-5] Un utilisateur a récupéré l'ensemble des auteurs
2022-04-13 15:35:04,523 INFO com.example.demo.controllers.AuthorController [http-nio-8090-exec-7] Un utilisateur a créer un nouvel auteur
2022-04-13 15:35:04,574 INFO com.example.demo.controllers.AuthorController [http-nio-8090-exec-8] Un utilisateur a récupéré l'ensemble des auteurs
2022-04-13 15:35:13,350 INFO com.example.demo.controllers.AuthorController [http-nio-8090-exec-10] Un utilisateur a créer un nouvel auteur
2022-04-13 15:35:13,413 INFO com.example.demo.controllers.AuthorController [http-nio-8090-exec-1] Un utilisateur a récupéré l'ensemble des auteurs
2022-04-13 15:40:09,878 INFO com.example.demo.controllers.AuthorController [http-nio-8090-exec-4] Un utilisateur a récupéré l'ensemble des auteurs
2022-04-13 15:40:13,800 INFO com.example.demo.controllers.AuthorController [http-nio-8090-exec-6] Un utilisateur a créer un nouvel auteur
2022-04-13 15:40:14,014 INFO com.example.demo.controllers.AuthorController [http-nio-8090-exec-8] Un utilisateur a récupéré l'ensemble des auteurs
2022-04-13 15:41:45,674 INFO com.example.demo.controllers.AuthorController [http-nio-8090-exec-1] Un utilisateur a récupéré l'ensemble des auteurs
2022-04-13 15:41:48,211 INFO com.example.demo.controllers.AuthorController [http-nio-8090-exec-3] Un utilisateur a récupéré l'ensemble des auteurs
2022-04-13 15:42:00,189 INFO com.example.demo.controllers.AuthorController [http-nio-8090-exec-5] Un utilisateur a créer un nouvel auteur
2022-04-13 15:42:00,300 INFO com.example.demo.controllers.AuthorController [http-nio-8090-exec-7] Un utilisateur a récupéré l'ensemble des auteurs
2022-04-13 15:43:22,243 INFO com.example.demo.controllers.AuthorController [http-nio-8090-exec-1] Un utilisateur a récupéré l'ensemble des auteurs
2022-04-13 15:43:23,873 INFO com.example.demo.controllers.AuthorController [http-nio-8090-exec-3] Un utilisateur a récupéré l'ensemble des auteurs
2022-04-13 15:43:28,149 INFO com.example.demo.controllers.AuthorController [http-nio-8090-exec-5] Un utilisateur a créer un nouvel auteur
2022-04-13 15:43:28,236 INFO com.example.demo.controllers.AuthorController [http-nio-8090-exec-7] Un utilisateur a récupéré l'ensemble des auteurs
2022-04-13 15:45:58,459 INFO com.example.demo.controllers.AuthorController [http-nio-8090-exec-1] Un utilisateur a récupéré l'ensemble des auteurs
2022-04-13 15:46:02,109 INFO com.example.demo.controllers.AuthorController [http-nio-8090-exec-3] Un utilisateur a créer un nouvel auteur
2022-04-13 15:46:02,791 INFO com.example.demo.controllers.AuthorController [http-nio-8090-exec-5] Un utilisateur a récupéré l'ensemble des auteurs
2022-04-13 15:46:03,991 INFO com.example.demo.controllers.AuthorController [http-nio-8090-exec-7] Un utilisateur a récupéré l'ensemble des auteurs
2022-04-13 15:47:04,160 INFO com.example.demo.controllers.AuthorController [http-nio-8090-exec-9] Un utilisateur a récupéré l'ensemble des auteurs
2022-04-13 15:47:45,855 INFO com.example.demo.controllers.AuthorController [http-nio-8090-exec-2] Un utilisateur a créer un nouvel auteur
2022-04-13 15:47:45,979 INFO com.example.demo.controllers.AuthorController [http-nio-8090-exec-3] Un utilisateur a récupéré l'ensemble des auteurs
2022-04-13 15:48:25,732 INFO com.example.demo.controllers.AuthorController [http-nio-8090-exec-5] Un utilisateur a créer un nouvel auteur
2022-04-13 15:48:26,012 INFO com.example.demo.controllers.AuthorController [http-nio-8090-exec-8] Un utilisateur a récupéré l'ensemble des auteurs
2022-04-13 15:57:11,377 INFO com.example.demo.controllers.AuthorController [http-nio-8090-exec-1] Un utilisateur a récupéré l'ensemble des auteurs
2022-04-13 21:45:31,191 INFO org.hibernate.validator.internal.util.Version [background-preinit] HV000001: Hibernate Validator 6.2.0.Final
2022-04-13 21:45:31,257 INFO org.springframework.boot.StartupInfoLogger [main] Starting CoursApplication using Java 18 on NUC1104 with PID 16404 (D:\web_avance\code\Cours\target\classes started by HELENET in D:\web_avance\code\Cours)
2022-04-13 21:45:31,260 INFO org.springframework.boot.SpringApplication [main] No active profile set, falling back to default profiles: default
2022-04-13 21:45:35,598 INFO org.springframework.data.repository.config.RepositoryConfigurationDelegate [main] Bootstrapping Spring Data JPA repositories in DEFAULT mode.
2022-04-13 21:45:36,095 INFO org.springframework.data.repository.config.RepositoryConfigurationDelegate [main] Finished Spring Data repository scanning in 441 ms. Found 2 JPA repository interfaces.
2022-04-13 21:45:39,731 INFO org.springframework.boot.web.embedded.tomcat.TomcatWebServer [main] Tomcat initialized with port(s): 8090 (http)
2022-04-13 21:45:39,780 INFO org.apache.juli.logging.DirectJDKLog [main] Initializing ProtocolHandler ["http-nio-8090"]
2022-04-13 21:45:39,783 INFO org.apache.juli.logging.DirectJDKLog [main] Starting service [Tomcat]
2022-04-13 21:45:39,785 INFO org.apache.juli.logging.DirectJDKLog [main] Starting Servlet engine: [Apache Tomcat/9.0.54]
2022-04-13 21:45:40,690 INFO org.apache.juli.logging.DirectJDKLog [main] Initializing Spring embedded WebApplicationContext
2022-04-13 21:45:40,692 INFO org.springframework.boot.web.servlet.context.ServletWebServerApplicationContext [main] Root WebApplicationContext: initialization completed in 9181 ms
2022-04-13 21:45:41,762 WARN org.springframework.boot.autoconfigure.orm.jpa.JpaBaseConfiguration$JpaWebConfiguration [main] spring.jpa.open-in-view is enabled by default. Therefore, database queries may be performed during view rendering. Explicitly configure spring.jpa.open-in-view to disable this warning
2022-04-13 21:45:42,328 INFO org.hibernate.jpa.internal.util.LogHelper [main] HHH000204: Processing PersistenceUnitInfo [name: default]
2022-04-13 21:45:42,524 INFO org.hibernate.Version [main] HHH000412: Hibernate ORM core version 5.4.32.Final
2022-04-13 21:45:43,116 INFO org.hibernate.annotations.common.reflection.java.JavaReflectionManager [main] HCANN000001: Hibernate Commons Annotations {5.1.2.Final}
2022-04-13 21:45:43,899 INFO com.zaxxer.hikari.HikariDataSource [main] HikariPool-1 - Starting...
2022-04-13 21:45:44,794 INFO com.zaxxer.hikari.HikariDataSource [main] HikariPool-1 - Start completed.
2022-04-13 21:45:44,875 INFO org.hibernate.dialect.Dialect [main] HHH000400: Using dialect: org.hibernate.dialect.MySQL5Dialect
2022-04-13 21:45:47,931 INFO org.hibernate.engine.transaction.jta.platform.internal.JtaPlatformInitiator [main] HHH000490: Using JtaPlatform implementation: [org.hibernate.engine.transaction.jta.platform.internal.NoJtaPlatform]
2022-04-13 21:45:47,961 INFO org.springframework.orm.jpa.AbstractEntityManagerFactoryBean [main] Initialized JPA EntityManagerFactory for persistence unit 'default'
2022-04-13 21:45:51,774 INFO org.springframework.security.web.DefaultSecurityFilterChain [main] Will secure any request with [org.springframework.security.web.context.request.async.WebAsyncManagerIntegrationFilter@54cce500, org.springframework.security.web.context.SecurityContextPersistenceFilter@28521ed5, org.springframework.security.web.header.HeaderWriterFilter@1256925b, org.keycloak.adapters.springsecurity.filter.KeycloakPreAuthActionsFilter@52c27d53, org.keycloak.adapters.springsecurity.filter.KeycloakAuthenticationProcessingFilter@4a3333be, org.springframework.security.web.authentication.logout.LogoutFilter@6e4bccc, org.springframework.security.web.savedrequest.RequestCacheAwareFilter@4c9bed65, org.springframework.security.web.servletapi.SecurityContextHolderAwareRequestFilter@8eeb4c5, org.keycloak.adapters.springsecurity.filter.KeycloakSecurityContextRequestFilter@fb42c1c, org.keycloak.adapters.springsecurity.filter.KeycloakAuthenticatedActionsFilter@4edde05c, org.springframework.security.web.authentication.AnonymousAuthenticationFilter@755033c5, org.springframework.security.web.session.SessionManagementFilter@467421cc, org.springframework.security.web.access.ExceptionTranslationFilter@34d0c331, org.springframework.security.web.access.intercept.FilterSecurityInterceptor@2e096ac0]
2022-04-13 21:45:53,376 INFO org.apache.juli.logging.DirectJDKLog [main] Starting ProtocolHandler ["http-nio-8090"]
2022-04-13 21:45:53,448 INFO org.springframework.boot.web.embedded.tomcat.TomcatWebServer [main] Tomcat started on port(s): 8090 (http) with context path ''
2022-04-13 21:45:54,415 INFO org.springframework.boot.StartupInfoLogger [main] Started CoursApplication in 27.542 seconds (JVM running for 33.506)
2022-04-13 21:50:09,494 INFO org.keycloak.adapters.KeycloakDeployment [http-nio-8090-exec-2] Loaded URLs from http://localhost:9990/auth/realms/RaspouCorp/.well-known/openid-configuration
2022-04-13 21:50:09,788 INFO org.apache.juli.logging.DirectJDKLog [http-nio-8090-exec-2] Initializing Spring DispatcherServlet 'dispatcherServlet'
2022-04-13 21:50:09,789 INFO org.springframework.web.servlet.FrameworkServlet [http-nio-8090-exec-2] Initializing Servlet 'dispatcherServlet'
2022-04-13 21:50:09,796 INFO org.springframework.web.servlet.FrameworkServlet [http-nio-8090-exec-2] Completed initialization in 6 ms
2022-04-13 21:50:10,053 WARN org.apache.juli.logging.DirectJDKLog [http-nio-8090-exec-2] Creation of SecureRandom instance for session ID generation using [SHA1PRNG] took [178] milliseconds.
2022-04-13 21:50:10,128 INFO com.example.demo.controllers.AuthorController [http-nio-8090-exec-2] Un utilisateur a récupéré l'ensemble des auteurs
2022-04-13 21:50:26,680 INFO com.example.demo.controllers.AuthorController [http-nio-8090-exec-4] Un utilisateur a créer un nouvel auteur
2022-04-13 21:50:27,516 INFO com.example.demo.controllers.AuthorController [http-nio-8090-exec-6] Un utilisateur a récupéré l'ensemble des auteurs
2022-04-13 21:53:57,887 INFO org.springframework.orm.jpa.AbstractEntityManagerFactoryBean [SpringApplicationShutdownHook] Closing JPA EntityManagerFactory for persistence unit 'default'
2022-04-13 21:53:57,891 INFO org.hibernate.tool.schema.internal.SchemaDropperImpl$DelayedDropActionImpl [SpringApplicationShutdownHook] HHH000477: Starting delayed evictData of schema as part of SessionFactory shut-down'
2022-04-13 21:53:58,327 INFO com.zaxxer.hikari.HikariDataSource [SpringApplicationShutdownHook] HikariPool-1 - Shutdown initiated...
2022-04-13 21:53:58,373 INFO com.zaxxer.hikari.HikariDataSource [SpringApplicationShutdownHook] HikariPool-1 - Shutdown completed.
